[     466ms] [WARNING] {msg: An error has occurred getting the experiment. Only the first occurrence of this error is logged., experimentName: confluence_enable_react-compiler-runtime-2, error: Error: Client must be initialized before using this method
    at w.assertInitialized (https://cc-f…} @ https://cc-fe-bifrost.prod-east.frontend.public.atl-paas.net/assets/master/dashboard-spa-container-jquery3.de95a487.js:1
[     467ms] [WARNING] {msg: An error has occurred checking the feature gate. Only the first occurrence of this error is logged., gateName: shared-user-preferences, error: Error: Client must be initialized before using this method
    at w.assertInitialized (https://cc-f…} @ https://cc-fe-bifrost.prod-east.frontend.public.atl-paas.net/assets/master/dashboard-spa-container-jquery3.de95a487.js:1
[     567ms] [WARNING] Text color palette does not have an internationalization message for color DARK-LIME.
You must add a message description to properly translate this color.
Using current label as default message.
This could have happen when someone changed the 'colorPalette' from 'adf-schema' without updating this file.
 @ https://cc-fe-bifrost.prod-east.frontend.public.atl-paas.net/assets/master/FullPageEditorComponent.b2d849d0.js:3
[     567ms] [WARNING] Text color palette does not have an internationalization message for color DARK-ORANGE.
You must add a message description to properly translate this color.
Using current label as default message.
This could have happen when someone changed the 'colorPalette' from 'adf-schema' without updating this file.
 @ https://cc-fe-bifrost.prod-east.frontend.public.atl-paas.net/assets/master/FullPageEditorComponent.b2d849d0.js:3
[     567ms] [WARNING] Text color palette does not have an internationalization message for color DARK-MAGENTA.
You must add a message description to properly translate this color.
Using current label as default message.
This could have happen when someone changed the 'colorPalette' from 'adf-schema' without updating this file.
 @ https://cc-fe-bifrost.prod-east.frontend.public.atl-paas.net/assets/master/FullPageEditorComponent.b2d849d0.js:3
[     568ms] [WARNING] Text color palette does not have an internationalization message for color LIGHT-LIME.
You must add a message description to properly translate this color.
Using current label as default message.
This could have happen when someone changed the 'colorPalette' from 'adf-schema' without updating this file.
 @ https://cc-fe-bifrost.prod-east.frontend.public.atl-paas.net/assets/master/FullPageEditorComponent.b2d849d0.js:3
[     568ms] [WARNING] Text color palette does not have an internationalization message for color LIGHT-ORANGE.
You must add a message description to properly translate this color.
Using current label as default message.
This could have happen when someone changed the 'colorPalette' from 'adf-schema' without updating this file.
 @ https://cc-fe-bifrost.prod-east.frontend.public.atl-paas.net/assets/master/FullPageEditorComponent.b2d849d0.js:3
[     568ms] [WARNING] Text color palette does not have an internationalization message for color LIGHT-MAGENTA.
You must add a message description to properly translate this color.
Using current label as default message.
This could have happen when someone changed the 'colorPalette' from 'adf-schema' without updating this file.
 @ https://cc-fe-bifrost.prod-east.frontend.public.atl-paas.net/assets/master/FullPageEditorComponent.b2d849d0.js:3
[    1824ms] RangeError: Maximum call stack size exceeded
    at h (https://cc-fe-bifrost.prod-east.frontend.public.atl-paas.net/assets/master/dashboard-spa-container-jquery3.de95a487.js:1:189227)
    at v (https://cc-fe-bifrost.prod-east.frontend.public.atl-paas.net/assets/master/dashboard-spa-container-jquery3.de95a487.js:1:189709)
    at n (https://cc-fe-bifrost.prod-east.frontend.public.atl-paas.net/assets/master/dashboard-spa-container-jquery3.de95a487.js:6:224088)
    at l (https://cc-fe-bifrost.prod-east.frontend.public.atl-paas.net/assets/master/dashboard-spa-container-jquery3.de95a487.js:6:222020)
    at v (https://cc-fe-bifrost.prod-east.frontend.public.atl-paas.net/assets/master/dashboard-spa-container-jquery3.de95a487.js:6:218921)
    at y (https://cc-fe-bifrost.prod-east.frontend.public.atl-paas.net/assets/master/dashboard-spa-container-jquery3.de95a487.js:6:219246)
    at Object.<anonymous> (https://cc-fe-bifrost.prod-east.frontend.public.atl-paas.net/assets/master/dashboard-spa-container-jquery3.de95a487.js:170:314699)
    at Object.r [as setItem] (https://cc-fe-bifrost.prod-east.frontend.public.atl-paas.net/assets/master/dashboard-spa-container-jquery3.de95a487.js:170:234571)
    at tE.setItem (https://cc-fe-bifrost.prod-east.frontend.public.atl-paas.net/assets/master/dashboard-spa-container-jquery3.de95a487.js:6:99569)
    at t7._generateNewSessionId (https://cc-fe-bifrost.prod-east.frontend.public.atl-paas.net/assets/master/dashboard-spa-container-jquery3.de95a487.js:6:120567)
[    1824ms] RangeError: Maximum call stack size exceeded
    at Array.forEach (<anonymous>)
    at re.swapToInMemory (https://cc-fe-bifrost.prod-east.frontend.public.atl-paas.net/assets/master/dashboard-spa-container-jquery3.de95a487.js:6:99869)
    at re.setItem (https://cc-fe-bifrost.prod-east.frontend.public.atl-paas.net/assets/master/dashboard-spa-container-jquery3.de95a487.js:6:99612)
    at rr._generateNewTabId (https://cc-fe-bifrost.prod-east.frontend.public.atl-paas.net/assets/master/dashboard-spa-container-jquery3.de95a487.js:6:121745)
    at rr.getCurrentTabId (https://cc-fe-bifrost.prod-east.frontend.public.atl-paas.net/assets/master/dashboard-spa-container-jquery3.de95a487.js:6:121605)
    at rw.sendOperationalEvent (https://cc-fe-bifrost.prod-east.frontend.public.atl-paas.net/assets/master/dashboard-spa-container-jquery3.de95a487.js:6:140483)
    at t7.O [as _onNewSessionStarted] (https://cc-fe-bifrost.prod-east.frontend.public.atl-paas.net/assets/master/dashboard-spa-container-jquery3.de95a487.js:6:2497)
    at t7._generateNewSessionId (https://cc-fe-bifrost.prod-east.frontend.public.atl-paas.net/assets/master/dashboard-spa-container-jquery3.de95a487.js:6:120613)
    at t7.getCurrentSessionId (https://cc-fe-bifrost.prod-east.frontend.public.atl-paas.net/assets/master/dashboard-spa-container-jquery3.de95a487.js:6:120210)
    at rw.sendOperationalEvent (https://cc-fe-bifrost.prod-east.frontend.public.atl-paas.net/assets/master/dashboard-spa-container-jquery3.de95a487.js:6:140523)
[    1824ms] RangeError: Maximum call stack size exceeded
    at h (https://cc-fe-bifrost.prod-east.frontend.public.atl-paas.net/assets/master/dashboard-spa-container-jquery3.de95a487.js:1:189227)
    at v (https://cc-fe-bifrost.prod-east.frontend.public.atl-paas.net/assets/master/dashboard-spa-container-jquery3.de95a487.js:1:189709)
    at n (https://cc-fe-bifrost.prod-east.frontend.public.atl-paas.net/assets/master/dashboard-spa-container-jquery3.de95a487.js:6:224088)
    at l (https://cc-fe-bifrost.prod-east.frontend.public.atl-paas.net/assets/master/dashboard-spa-container-jquery3.de95a487.js:6:222020)
    at v (https://cc-fe-bifrost.prod-east.frontend.public.atl-paas.net/assets/master/dashboard-spa-container-jquery3.de95a487.js:6:218921)
    at y (https://cc-fe-bifrost.prod-east.frontend.public.atl-paas.net/assets/master/dashboard-spa-container-jquery3.de95a487.js:6:219246)
    at Object.<anonymous> (https://cc-fe-bifrost.prod-east.frontend.public.atl-paas.net/assets/master/dashboard-spa-container-jquery3.de95a487.js:170:314699)
    at Object.r [as setItem] (https://cc-fe-bifrost.prod-east.frontend.public.atl-paas.net/assets/master/dashboard-spa-container-jquery3.de95a487.js:170:234571)
    at tE.setItem (https://cc-fe-bifrost.prod-east.frontend.public.atl-paas.net/assets/master/dashboard-spa-container-jquery3.de95a487.js:6:99569)
    at t7._generateNewSessionId (https://cc-fe-bifrost.prod-east.frontend.public.atl-paas.net/assets/master/dashboard-spa-container-jquery3.de95a487.js:6:120567)
[    1824ms] RangeError: Maximum call stack size exceeded
    at Array.forEach (<anonymous>)
    at re.swapToInMemory (https://cc-fe-bifrost.prod-east.frontend.public.atl-paas.net/assets/master/dashboard-spa-container-jquery3.de95a487.js:6:99869)
    at re.setItem (https://cc-fe-bifrost.prod-east.frontend.public.atl-paas.net/assets/master/dashboard-spa-container-jquery3.de95a487.js:6:99612)
    at rr._generateNewTabId (https://cc-fe-bifrost.prod-east.frontend.public.atl-paas.net/assets/master/dashboard-spa-container-jquery3.de95a487.js:6:121745)
    at rr.getCurrentTabId (https://cc-fe-bifrost.prod-east.frontend.public.atl-paas.net/assets/master/dashboard-spa-container-jquery3.de95a487.js:6:121605)
    at rw.sendOperationalEvent (https://cc-fe-bifrost.prod-east.frontend.public.atl-paas.net/assets/master/dashboard-spa-container-jquery3.de95a487.js:6:140483)
    at t7.O [as _onNewSessionStarted] (https://cc-fe-bifrost.prod-east.frontend.public.atl-paas.net/assets/master/dashboard-spa-container-jquery3.de95a487.js:6:2497)
    at t7._generateNewSessionId (https://cc-fe-bifrost.prod-east.frontend.public.atl-paas.net/assets/master/dashboard-spa-container-jquery3.de95a487.js:6:120613)
    at t7.getCurrentSessionId (https://cc-fe-bifrost.prod-east.frontend.public.atl-paas.net/assets/master/dashboard-spa-container-jquery3.de95a487.js:6:120210)
    at rw.sendOperationalEvent (https://cc-fe-bifrost.prod-east.frontend.public.atl-paas.net/assets/master/dashboard-spa-container-jquery3.de95a487.js:6:140523)
[    1824ms] RangeError: Maximum call stack size exceeded
    at h (https://cc-fe-bifrost.prod-east.frontend.public.atl-paas.net/assets/master/dashboard-spa-container-jquery3.de95a487.js:1:189227)
    at v (https://cc-fe-bifrost.prod-east.frontend.public.atl-paas.net/assets/master/dashboard-spa-container-jquery3.de95a487.js:1:189709)
    at n (https://cc-fe-bifrost.prod-east.frontend.public.atl-paas.net/assets/master/dashboard-spa-container-jquery3.de95a487.js:6:224088)
    at l (https://cc-fe-bifrost.prod-east.frontend.public.atl-paas.net/assets/master/dashboard-spa-container-jquery3.de95a487.js:6:222020)
    at v (https://cc-fe-bifrost.prod-east.frontend.public.atl-paas.net/assets/master/dashboard-spa-container-jquery3.de95a487.js:6:218921)
    at y (https://cc-fe-bifrost.prod-east.frontend.public.atl-paas.net/assets/master/dashboard-spa-container-jquery3.de95a487.js:6:219246)
    at Object.<anonymous> (https://cc-fe-bifrost.prod-east.frontend.public.atl-paas.net/assets/master/dashboard-spa-container-jquery3.de95a487.js:170:314699)
    at Object.r [as setItem] (https://cc-fe-bifrost.prod-east.frontend.public.atl-paas.net/assets/master/dashboard-spa-container-jquery3.de95a487.js:170:234571)
    at tE.setItem (https://cc-fe-bifrost.prod-east.frontend.public.atl-paas.net/assets/master/dashboard-spa-container-jquery3.de95a487.js:6:99569)
    at t7._generateNewSessionId (https://cc-fe-bifrost.prod-east.frontend.public.atl-paas.net/assets/master/dashboard-spa-container-jquery3.de95a487.js:6:120567)
[    1824ms] RangeError: Maximum call stack size exceeded
    at h (https://cc-fe-bifrost.prod-east.frontend.public.atl-paas.net/assets/master/dashboard-spa-container-jquery3.de95a487.js:1:189227)
    at v (https://cc-fe-bifrost.prod-east.frontend.public.atl-paas.net/assets/master/dashboard-spa-container-jquery3.de95a487.js:1:189709)
    at n (https://cc-fe-bifrost.prod-east.frontend.public.atl-paas.net/assets/master/dashboard-spa-container-jquery3.de95a487.js:6:224088)
    at l (https://cc-fe-bifrost.prod-east.frontend.public.atl-paas.net/assets/master/dashboard-spa-container-jquery3.de95a487.js:6:222020)
    at v (https://cc-fe-bifrost.prod-east.frontend.public.atl-paas.net/assets/master/dashboard-spa-container-jquery3.de95a487.js:6:218921)
    at y (https://cc-fe-bifrost.prod-east.frontend.public.atl-paas.net/assets/master/dashboard-spa-container-jquery3.de95a487.js:6:219246)
    at Object.setItem (https://cc-fe-bifrost.prod-east.frontend.public.atl-paas.net/assets/master/dashboard-spa-container-jquery3.de95a487.js:170:314699)
    at re.setItem (https://cc-fe-bifrost.prod-east.frontend.public.atl-paas.net/assets/master/dashboard-spa-container-jquery3.de95a487.js:6:99569)
    at rr._generateNewTabId (https://cc-fe-bifrost.prod-east.frontend.public.atl-paas.net/assets/master/dashboard-spa-container-jquery3.de95a487.js:6:121745)
    at rr.getCurrentTabId (https://cc-fe-bifrost.prod-east.frontend.public.atl-paas.net/assets/master/dashboard-spa-container-jquery3.de95a487.js:6:121605)
[    1824ms] RangeError: Maximum call stack size exceeded
    at Array.forEach (<anonymous>)
    at tE.swapToInMemory (https://cc-fe-bifrost.prod-east.frontend.public.atl-paas.net/assets/master/dashboard-spa-container-jquery3.de95a487.js:6:99869)
    at tE.setItem (https://cc-fe-bifrost.prod-east.frontend.public.atl-paas.net/assets/master/dashboard-spa-container-jquery3.de95a487.js:6:99612)
    at t7._generateNewSessionId (https://cc-fe-bifrost.prod-east.frontend.public.atl-paas.net/assets/master/dashboard-spa-container-jquery3.de95a487.js:6:120567)
    at t7.getCurrentSessionId (https://cc-fe-bifrost.prod-east.frontend.public.atl-paas.net/assets/master/dashboard-spa-container-jquery3.de95a487.js:6:120210)
    at rw.sendOperationalEvent (https://cc-fe-bifrost.prod-east.frontend.public.atl-paas.net/assets/master/dashboard-spa-container-jquery3.de95a487.js:6:140523)
    at t7.O [as _onNewSessionStarted] (https://cc-fe-bifrost.prod-east.frontend.public.atl-paas.net/assets/master/dashboard-spa-container-jquery3.de95a487.js:6:2497)
    at t7._generateNewSessionId (https://cc-fe-bifrost.prod-east.frontend.public.atl-paas.net/assets/master/dashboard-spa-container-jquery3.de95a487.js:6:120613)
    at t7.getCurrentSessionId (https://cc-fe-bifrost.prod-east.frontend.public.atl-paas.net/assets/master/dashboard-spa-container-jquery3.de95a487.js:6:120210)
    at rw.sendOperationalEvent (https://cc-fe-bifrost.prod-east.frontend.public.atl-paas.net/assets/master/dashboard-spa-container-jquery3.de95a487.js:6:140523)
[    1824ms] RangeError: Maximum call stack size exceeded
    at h (https://cc-fe-bifrost.prod-east.frontend.public.atl-paas.net/assets/master/dashboard-spa-container-jquery3.de95a487.js:1:189227)
    at v (https://cc-fe-bifrost.prod-east.frontend.public.atl-paas.net/assets/master/dashboard-spa-container-jquery3.de95a487.js:1:189709)
    at n (https://cc-fe-bifrost.prod-east.frontend.public.atl-paas.net/assets/master/dashboard-spa-container-jquery3.de95a487.js:6:224088)
    at o (https://cc-fe-bifrost.prod-east.frontend.public.atl-paas.net/assets/master/dashboard-spa-container-jquery3.de95a487.js:6:220499)
    at a (https://cc-fe-bifrost.prod-east.frontend.public.atl-paas.net/assets/master/dashboard-spa-container-jquery3.de95a487.js:6:221048)
    at l (https://cc-fe-bifrost.prod-east.frontend.public.atl-paas.net/assets/master/dashboard-spa-container-jquery3.de95a487.js:6:222141)
    at v (https://cc-fe-bifrost.prod-east.frontend.public.atl-paas.net/assets/master/dashboard-spa-container-jquery3.de95a487.js:6:218921)
    at y (https://cc-fe-bifrost.prod-east.frontend.public.atl-paas.net/assets/master/dashboard-spa-container-jquery3.de95a487.js:6:219246)
    at Object.setItem (https://cc-fe-bifrost.prod-east.frontend.public.atl-paas.net/assets/master/dashboard-spa-container-jquery3.de95a487.js:170:314699)
    at re.setItem (https://cc-fe-bifrost.prod-east.frontend.public.atl-paas.net/assets/master/dashboard-spa-container-jquery3.de95a487.js:6:99569)
[    2017ms] [WARNING] Trying to make a call on an external route without allowOnExternalPage useTitleContentPropertiesForPublishedPageQuery @ https://cc-fe-bifrost.prod-east.frontend.public.atl-paas.net/assets/master/dashboard-spa-container-jquery3.de95a487.js:18
[    2017ms] [WARNING] Trying to make a call on an external route without allowOnExternalPage WebPanelLocationQuery @ https://cc-fe-bifrost.prod-east.frontend.public.atl-paas.net/assets/master/dashboard-spa-container-jquery3.de95a487.js:18
[    2133ms] [INFO] Evaluating a string as JavaScript violates the following Content Security Policy directive because 'unsafe-eval' is not an allowed source of script: "script-src 'report-sample' 'nonce-6c969bfd4bf6412aae1a46b6e4233b67' 'strict-dynamic' 'unsafe-inline' https:".
 The policy is report-only, so the violation has been logged but no further action has been taken. @ https://d38rd2454fnrv3.cloudfront.net/hectoinno.atlassian.net/wiki/s/e3b0c44298fc1c149afbf4c8996fb92427ae41e4649b934ca495991b7852b855-CDN/2147107625/h/f4eb17c447724596d16b753593a128891378bfe8500a4124031862de00012dd8/_/download/contextbatch/js/_super/batch.js?assetVersion=1000.0.0-f3e7171d6a4219827&externals=__local-default__&locale=ko-KR:479
[    2134ms] [INFO] Evaluating a string as JavaScript violates the following Content Security Policy directive because 'unsafe-eval' is not an allowed source of script: "script-src 'report-sample' 'nonce-6c969bfd4bf6412aae1a46b6e4233b67' 'strict-dynamic' 'unsafe-inline' https:".
 The policy is report-only, so the violation has been logged but no further action has been taken. @ https://d38rd2454fnrv3.cloudfront.net/hectoinno.atlassian.net/wiki/s/e3b0c44298fc1c149afbf4c8996fb92427ae41e4649b934ca495991b7852b855-CDN/2147107625/h/f4eb17c447724596d16b753593a128891378bfe8500a4124031862de00012dd8/_/download/contextbatch/js/_super/batch.js?assetVersion=1000.0.0-f3e7171d6a4219827&externals=__local-default__&locale=ko-KR:510
[    2160ms] [WARNING] Trying to make a call on an external route without allowOnExternalPage entityOperationsHelpersContentOperationsQuery @ https://cc-fe-bifrost.prod-east.frontend.public.atl-paas.net/assets/master/dashboard-spa-container-jquery3.de95a487.js:18
[    2184ms] [WARNING] Trying to make a call on an external route without allowOnExternalPage useCopyContentLinkCopyLinkQuery @ https://cc-fe-bifrost.prod-east.frontend.public.atl-paas.net/assets/master/dashboard-spa-container-jquery3.de95a487.js:18
[    2486ms] [WARNING] Multiple versions of FeatureGateClients found on the current page.
      The currently bound version is 0.0.0-use.local when module version 4.23.4 was loading. @ https://d38rd2454fnrv3.cloudfront.net/hectoinno.atlassian.net/wiki/s/e3b0c44298fc1c149afbf4c8996fb92427ae41e4649b934ca495991b7852b855-CDN/2147107625/h/54d0d2b8bafeadbadbc78a6679be9eaad95d92a2a941aa9bdafe9a63ebb62c9d/_/download/batch/com.atlassian.plugins.atlassian-connect-plugin:ap-core-v5/com.atlassian.plugins.atlassian-connect-plugin:ap-core-v5.js?assetVersion=1000.0.0-f3e7171d6a4219827&externals=__local-default__:14
[    2530ms] [WARNING] Trying to make a call on an external route without allowOnExternalPage entityOperationsHelpersContentOperationsQuery @ https://cc-fe-bifrost.prod-east.frontend.public.atl-paas.net/assets/master/dashboard-spa-container-jquery3.de95a487.js:18
[    2541ms] [WARNING] Trying to make a call on an external route without allowOnExternalPage BylineClassificationQuery @ https://cc-fe-bifrost.prod-east.frontend.public.atl-paas.net/assets/master/dashboard-spa-container-jquery3.de95a487.js:18
[    2542ms] [WARNING] Trying to make a call on an external route without allowOnExternalPage useContentClassificationContentDataClassificationQuery @ https://cc-fe-bifrost.prod-east.frontend.public.atl-paas.net/assets/master/dashboard-spa-container-jquery3.de95a487.js:18
[    2547ms] [WARNING] Trying to make a call on an external route without allowOnExternalPage WebItemLocationQuery @ https://cc-fe-bifrost.prod-east.frontend.public.atl-paas.net/assets/master/dashboard-spa-container-jquery3.de95a487.js:18
[    2547ms] [WARNING] Trying to make a call on an external route without allowOnExternalPage useSpaceDetailQuery @ https://cc-fe-bifrost.prod-east.frontend.public.atl-paas.net/assets/master/dashboard-spa-container-jquery3.de95a487.js:18
[    2628ms] Error: vfm/components/embedded-file-view missing confluence
    at v (https://d38rd2454fnrv3.cloudfront.net/hectoinno.atlassian.net/wiki/s/e3b0c44298fc1c149afbf4c8996fb92427ae41e4649b934ca495991b7852b855-CDN/2147107625/h/f4eb17c447724596d16b753593a128891378bfe8500a4124031862de00012dd8/_/download/contextbatch/js/_super/batch.js?assetVersion=1000.0.0-f3e7171d6a4219827&externals=__local-default__&locale=ko-KR:14:479)
    at u (https://d38rd2454fnrv3.cloudfront.net/hectoinno.atlassian.net/wiki/s/e3b0c44298fc1c149afbf4c8996fb92427ae41e4649b934ca495991b7852b855-CDN/2147107625/h/f4eb17c447724596d16b753593a128891378bfe8500a4124031862de00012dd8/_/download/contextbatch/js/_super/batch.js?assetVersion=1000.0.0-f3e7171d6a4219827&externals=__local-default__&locale=ko-KR:12:377)
    at v (https://d38rd2454fnrv3.cloudfront.net/hectoinno.atlassian.net/wiki/s/e3b0c44298fc1c149afbf4c8996fb92427ae41e4649b934ca495991b7852b855-CDN/2147107625/h/f4eb17c447724596d16b753593a128891378bfe8500a4124031862de00012dd8/_/download/contextbatch/js/_super/batch.js?assetVersion=1000.0.0-f3e7171d6a4219827&externals=__local-default__&locale=ko-KR:14:411)
    at https://d38rd2454fnrv3.cloudfront.net/hectoinno.atlassian.net/wiki/s/e3b0c44298fc1c149afbf4c8996fb92427ae41e4649b934ca495991b7852b855-CDN/2147107625/h/f4eb17c447724596d16b753593a128891378bfe8500a4124031862de00012dd8/_/download/contextbatch/js/_super/batch.js?assetVersion=1000.0.0-f3e7171d6a4219827&externals=__local-default__&locale=ko-KR:15:338
[    2668ms] TypeError: Cannot use 'in' operator to search for 'AJS' in undefined
    at https://cc-fe-bifrost.prod-east.frontend.public.atl-paas.net/assets/master/translations.en.8050f0a8.js:1:283
    at https://cc-fe-bifrost.prod-east.frontend.public.atl-paas.net/assets/master/translations.en.8050f0a8.js:1:207
    at Object.<anonymous> (https://cc-fe-bifrost.prod-east.frontend.public.atl-paas.net/assets/master/translations.en.8050f0a8.js:1:236)
    at o (https://hectoinno.atlassian.net/wiki/external/ODZmYTY1YTk4ZTUxNGY1NWJjZWJmNjg5MDM5Y2I5MjY:4:15701)
    at https://cc-fe-bifrost.prod-east.frontend.public.atl-paas.net/assets/master/MediaViewer.f25d5719.js:1:2553
    at async Promise.all (index 2)
[    2671ms] [WARNING] Trying to make a call on an external route without allowOnExternalPage RendererContentStateQuery @ https://cc-fe-bifrost.prod-east.frontend.public.atl-paas.net/assets/master/dashboard-spa-container-jquery3.de95a487.js:18
[    2672ms] [WARNING] Trying to make a call on an external route without allowOnExternalPage useAnalyticsByLineQuery @ https://cc-fe-bifrost.prod-east.frontend.public.atl-paas.net/assets/master/dashboard-spa-container-jquery3.de95a487.js:18
[    2962ms] [ERROR] Framing 'https://xxid.dev.atl-paas.net/' violates the following report-only Content Security Policy directive: "frame-ancestors 'none'". The violation has been logged, but no further action has been taken.
 @ :0
[    2974ms] [INFO] Executing inline script violates the following Content Security Policy directive 'script-src 'self' 'nonce-3b234dac26ba42248113b42c66433a09''. Either the 'unsafe-inline' keyword, a hash ('sha256-uPTfY5ArWcsZbkQZ2f/AN74avCCKQ/KBAv1z11PqAJE='), or a nonce ('nonce-...') is required to enable inline execution. The policy is report-only, so the violation has been logged but no further action has been taken. @ https://xxid.dev.atl-paas.net/?t=1782704423868:0
[   61138ms] [WARNING] Deprecated API for given entry type. @ https://cc-fe-bifrost.prod-east.frontend.public.atl-paas.net/assets/master/create-payload.ff2a79ea.js:0
